# JRE version: Java(TM) SE Runtime Environment (8.0_162-b12) (build 1.8.0_162-b12)
# Java VM: Java HotSpot(TM) 64-Bit Server VM (25.162-b12 mixed mode windows-amd64 compressed oops)
Heap:
 PSYoungGen      total 76288K, used 17648K [0x000000076b400000, 0x0000000770900000, 0x00000007c0000000)
  eden space 65536K, 15% used [0x000000076b400000,0x000000076bddf6a8,0x000000076f400000)
  from space 10752K, 70% used [0x000000076fe80000,0x00000007705dcaf8,0x0000000770900000)
  to   space 10752K, 0% used [0x000000076f400000,0x000000076f400000,0x000000076fe80000)
 ParOldGen       total 175104K, used 32K [0x00000006c1c00000, 0x00000006cc700000, 0x000000076b400000)
  object space 175104K, 0% used [0x00000006c1c00000,0x00000006c1c08000,0x00000006cc700000)
 Metaspace       used 11370K, capacity 11616K, committed 11904K, reserved 1060864K
  class space    used 1290K, capacity 1374K, committed 1408K, reserved 1048576K
GC Heap History (4 events):
Event: 2.564 GC heap before
{Heap before GC invocations=1 (full 0):
 PSYoungGen      total 76288K, used 65536K [0x000000076b400000, 0x0000000770900000, 0x00000007c0000000)
  eden space 65536K, 100% used [0x000000076b400000,0x000000076f400000,0x000000076f400000)
  from space 10752K, 0% used [0x000000076fe80000,0x000000076fe80000,0x0000000770900000)
  to   space 10752K, 0% used [0x000000076f400000,0x000000076f400000,0x000000076fe80000)
 ParOldGen       total 175104K, used 0K [0x00000006c1c00000, 0x00000006cc700000, 0x000000076b400000)
  object space 175104K, 0% used [0x00000006c1c00000,0x00000006c1c00000,0x00000006cc700000)
 Metaspace       used 8478K, capacity 8690K, committed 8704K, reserved 1056768K
  class space    used 951K, capacity 1017K, committed 1024K, reserved 1048576K
Event: 2.574 GC heap after
Heap after GC invocations=1 (full 0):
 PSYoungGen      total 76288K, used 7415K [0x000000076b400000, 0x0000000770900000, 0x00000007c0000000)
  eden space 65536K, 0% used [0x000000076b400000,0x000000076b400000,0x000000076f400000)
  from space 10752K, 68% used [0x000000076f400000,0x000000076fb3dc28,0x000000076fe80000)
  to   space 10752K, 0% used [0x000000076fe80000,0x000000076fe80000,0x0000000770900000)
 ParOldGen       total 175104K, used 16K [0x00000006c1c00000, 0x00000006cc700000, 0x000000076b400000)
  object space 175104K, 0% used [0x00000006c1c00000,0x00000006c1c04000,0x00000006cc700000)
 Metaspace       used 8478K, capacity 8690K, committed 8704K, reserved 1056768K
  class space    used 951K, capacity 1017K, committed 1024K, reserved 1048576K
}
Event: 3.406 GC heap before
{Heap before GC invocations=2 (full 0):
 PSYoungGen      total 76288K, used 72951K [0x000000076b400000, 0x0000000770900000, 0x00000007c0000000)
  eden space 65536K, 100% used [0x000000076b400000,0x000000076f400000,0x000000076f400000)
  from space 10752K, 68% used [0x000000076f400000,0x000000076fb3dc28,0x000000076fe80000)
  to   space 10752K, 0% used [0x000000076fe80000,0x000000076fe80000,0x0000000770900000)
 ParOldGen       total 175104K, used 16K [0x00000006c1c00000, 0x00000006cc700000, 0x000000076b400000)
  object space 175104K, 0% used [0x00000006c1c00000,0x00000006c1c04000,0x00000006cc700000)
 Metaspace       used 10590K, capacity 10830K, committed 11008K, reserved 1058816K
  class space    used 1178K, capacity 1255K, committed 1280K, reserved 1048576K
Event: 3.413 GC heap after
Heap after GC invocations=2 (full 0):
 PSYoungGen      total 76288K, used 7538K [0x000000076b400000, 0x0000000770900000, 0x00000007c0000000)
  eden space 65536K, 0% used [0x000000076b400000,0x000000076b400000,0x000000076f400000)
  from space 10752K, 70% used [0x000000076fe80000,0x00000007705dcaf8,0x0000000770900000)
  to   space 10752K, 0% used [0x000000076f400000,0x000000076f400000,0x000000076fe80000)
 ParOldGen       total 175104K, used 32K [0x00000006c1c00000, 0x00000006cc700000, 0x000000076b400000)
  object space 175104K, 0% used [0x00000006c1c00000,0x00000006c1c08000,0x00000006cc700000)
 Metaspace       used 10590K, capacity 10830K, committed 11008K, reserved 1058816K
  class space    used 1178K, capacity 1255K, committed 1280K, reserved 1048576K
}

